<html>
    <head>
        <title>Test results for BasicTest.class</title>
        <meta http-equiv="Content-Type" content="text/html; charset=utf-8">
        <style type="text/css">
            body {
                font-family: Arial, Sans;
                margin: 0;
                padding: 0;
            }
            table {
                width: 100%;
            }
            #header {
                padding: 15px;
                margin-bottom: 20px;
            }
            #results {
                padding: 15px;
            }
            #header h1 {
                margin-top: 0;
            }
            #header.success {
                background: #81CF5A !important;
            }
            .passed span {
                background: #81CF5A !important;
                padding: 3px 5px;
            }
            #header.failed {
                background: #EF6868 !important;
            }
            .failed span {
                background: #EF6868 !important;
                padding: 3px 5px;
            }
            table .source {
                margin-top: 10px;
            }
            table .source span {
                color: #fff;
                font-size: 85%;
                padding: 1px 3px;
                background: #666;
            }
            table .sourceLine {
                border-left: 3px solid #c00;
                padding: 4px 3px;
                color: #000;
                font-size: 85%;
                margin-bottom: 10px;
            }
            .error {
                color: #c00;
            }
            table td {
                padding: 5px 0;
            }
        </style>
    </head>
    <body>
        
        <div id="header" class="block failed">
            <h1>
                BasicTest.class
            </h1>
            <p>
                FAILED
            </p>
        </div>
        
        <div id="results">
            <table>
                                <tr>
                    <td width="20%" class="passed" valign="top">
                        <span>aVeryImportantThingToTest</span>
                    </td>
                    <td class="" valign="top">
                                                                        Ok
                                            </td>
                    <td width="5%" align="right" class="time" valign="top">
                        1 ms
                    </td>
                </tr>
                                <tr>
                    <td width="20%" class="passed" valign="top">
                        <span>createAndRetrieveUser</span>
                    </td>
                    <td class="" valign="top">
                                                                        Ok
                                            </td>
                    <td width="5%" align="right" class="time" valign="top">
                        3 ms
                    </td>
                </tr>
                                <tr>
                    <td width="20%" class="passed" valign="top">
                        <span>createAndRetrieveUserWithTwoUsers</span>
                    </td>
                    <td class="" valign="top">
                                                                        Ok
                                            </td>
                    <td width="5%" align="right" class="time" valign="top">
                        4 ms
                    </td>
                </tr>
                                <tr>
                    <td width="20%" class="passed" valign="top">
                        <span>tryConnectAsUser</span>
                    </td>
                    <td class="" valign="top">
                                                                        Ok
                                            </td>
                    <td width="5%" align="right" class="time" valign="top">
                        3 ms
                    </td>
                </tr>
                                <tr>
                    <td width="20%" class="passed" valign="top">
                        <span>createPost</span>
                    </td>
                    <td class="" valign="top">
                                                                        Ok
                                            </td>
                    <td width="5%" align="right" class="time" valign="top">
                        4 ms
                    </td>
                </tr>
                                <tr>
                    <td width="20%" class="passed" valign="top">
                        <span>postComments</span>
                    </td>
                    <td class="" valign="top">
                                                                        Ok
                                            </td>
                    <td width="5%" align="right" class="time" valign="top">
                        20 ms
                    </td>
                </tr>
                                <tr>
                    <td width="20%" class="passed" valign="top">
                        <span>useTheCommentsRelation</span>
                    </td>
                    <td class="" valign="top">
                                                                        Ok
                                            </td>
                    <td width="5%" align="right" class="time" valign="top">
                        17 ms
                    </td>
                </tr>
                                <tr>
                    <td width="20%" class="failed" valign="top">
                        <span>fullTest</span>
                    </td>
                    <td class="error" valign="top">
                                                <strong>A play.exceptions.YAMLException has been caught, while scanning for the next token; found character 	'\t' that cannot start any token (in file /test/data.yml line 25, column 1)</strong>
                                                <div class="source">
                            <span>In /test/BasicTest.java, line 142 :</span>
                        </div>
                        <div class="sourceLine">
                            <span>
                                
                                    	    Fixtures.loadModels(&quot;data.yml&quot;);
                                
                            </span>
                        </div>
                                                                        <a href="#" onclick="toggle_trace(this); return false;">Show trace</a>
                        <pre data-role="trace">play.exceptions.YAMLException: while scanning for the next token; found character 	'\t' that cannot start any token (in file /test/data.yml line 25, column 1)
	at play.test.Fixtures.loadModels(Fixtures.java:234)
	at BasicTest.fullTest(BasicTest.java:142)
	at sun.reflect.GeneratedMethodAccessor52.invoke(Unknown Source)
	at sun.reflect.DelegatingMethodAccessorImpl.invoke(DelegatingMethodAccessorImpl.java:25)
	at java.lang.reflect.Method.invoke(Method.java:597)
	at org.junit.runners.model.FrameworkMethod$1.runReflectiveCall(FrameworkMethod.java:44)
	at org.junit.internal.runners.model.ReflectiveCallable.run(ReflectiveCallable.java:15)
	at org.junit.runners.model.FrameworkMethod.invokeExplosively(FrameworkMethod.java:41)
	at org.junit.internal.runners.statements.InvokeMethod.evaluate(InvokeMethod.java:20)
	at org.junit.internal.runners.statements.RunBefores.evaluate(RunBefores.java:28)
	at play.test.PlayJUnitRunner$StartPlay$2$1.evaluate(PlayJUnitRunner.java:105)
	at org.junit.runners.BlockJUnit4ClassRunner.runChild(BlockJUnit4ClassRunner.java:76)
	at org.junit.runners.BlockJUnit4ClassRunner.runChild(BlockJUnit4ClassRunner.java:50)
	at org.junit.runners.ParentRunner$3.run(ParentRunner.java:193)
	at org.junit.runners.ParentRunner$1.schedule(ParentRunner.java:52)
	at org.junit.runners.ParentRunner.runChildren(ParentRunner.java:191)
	at org.junit.runners.ParentRunner.access$000(ParentRunner.java:42)
	at org.junit.runners.ParentRunner$2.evaluate(ParentRunner.java:184)
	at org.junit.runners.ParentRunner.run(ParentRunner.java:236)
	at play.test.PlayJUnitRunner.run(PlayJUnitRunner.java:55)
	at org.junit.runners.Suite.runChild(Suite.java:128)
	at org.junit.runners.Suite.runChild(Suite.java:24)
	at org.junit.runners.ParentRunner$3.run(ParentRunner.java:193)
	at org.junit.runners.ParentRunner$1.schedule(ParentRunner.java:52)
	at org.junit.runners.ParentRunner.runChildren(ParentRunner.java:191)
	at org.junit.runners.ParentRunner.access$000(ParentRunner.java:42)
	at org.junit.runners.ParentRunner$2.evaluate(ParentRunner.java:184)
	at org.junit.runners.ParentRunner.run(ParentRunner.java:236)
	at org.junit.runner.JUnitCore.run(JUnitCore.java:157)
	at org.junit.runner.JUnitCore.run(JUnitCore.java:136)
	at org.junit.runner.JUnitCore.run(JUnitCore.java:117)
	at play.test.TestEngine.run(TestEngine.java:112)
	at controllers.TestRunner.run(TestRunner.java:66)
	at sun.reflect.GeneratedMethodAccessor41.invoke(Unknown Source)
	at sun.reflect.DelegatingMethodAccessorImpl.invoke(DelegatingMethodAccessorImpl.java:25)
	at java.lang.reflect.Method.invoke(Method.java:597)
	at play.mvc.ActionInvoker.invokeWithContinuation(ActionInvoker.java:548)
	at play.mvc.ActionInvoker.invoke(ActionInvoker.java:502)
	at play.mvc.ActionInvoker.invokeControllerMethod(ActionInvoker.java:478)
	at play.mvc.ActionInvoker.invokeControllerMethod(ActionInvoker.java:473)
	at play.mvc.ActionInvoker.invoke(ActionInvoker.java:161)
	at play.server.PlayHandler$NettyInvocation.execute(PlayHandler.java:257)
	at play.Invoker$Invocation.run(Invoker.java:278)
	at play.server.PlayHandler$NettyInvocation.run(PlayHandler.java:235)
	at java.util.concurrent.Executors$RunnableAdapter.call(Executors.java:439)
	at java.util.concurrent.FutureTask$Sync.innerRun(FutureTask.java:303)
	at java.util.concurrent.FutureTask.run(FutureTask.java:138)
	at java.util.concurrent.ScheduledThreadPoolExecutor$ScheduledFutureTask.access$301(ScheduledThreadPoolExecutor.java:98)
	at java.util.concurrent.ScheduledThreadPoolExecutor$ScheduledFutureTask.run(ScheduledThreadPoolExecutor.java:206)
	at java.util.concurrent.ThreadPoolExecutor$Worker.runTask(ThreadPoolExecutor.java:895)
	at java.util.concurrent.ThreadPoolExecutor$Worker.run(ThreadPoolExecutor.java:918)
	at java.lang.Thread.run(Thread.java:680)
Caused by: while scanning for the next token
found character 	'\t' that cannot start any token
 in "<reader>", line 25, column 1:
    	password:       secret
    ^

	at org.yaml.snakeyaml.scanner.ScannerImpl.fetchMoreTokens(ScannerImpl.java:360)
	at org.yaml.snakeyaml.scanner.ScannerImpl.checkToken(ScannerImpl.java:183)
	at org.yaml.snakeyaml.parser.ParserImpl$ParseBlockMappingKey.produce(ParserImpl.java:564)
	at org.yaml.snakeyaml.parser.ParserImpl.peekEvent(ParserImpl.java:163)
	at org.yaml.snakeyaml.parser.ParserImpl.checkEvent(ParserImpl.java:148)
	at org.yaml.snakeyaml.composer.Composer.composeMappingNode(Composer.java:228)
	at org.yaml.snakeyaml.composer.Composer.composeNode(Composer.java:160)
	at org.yaml.snakeyaml.composer.Composer.composeMappingNode(Composer.java:230)
	at org.yaml.snakeyaml.composer.Composer.composeNode(Composer.java:160)
	at org.yaml.snakeyaml.composer.Composer.composeDocument(Composer.java:122)
	at org.yaml.snakeyaml.composer.Composer.getSingleNode(Composer.java:105)
	at org.yaml.snakeyaml.constructor.BaseConstructor.getSingleData(BaseConstructor.java:124)
	at org.yaml.snakeyaml.Yaml.load(Yaml.java:264)
	at org.yaml.snakeyaml.Yaml.load(Yaml.java:238)
	at play.test.Fixtures.loadModels(Fixtures.java:171)
	... 51 more
</pre>
                                                                                            </td>
                    <td width="5%" align="right" class="time" valign="top">
                        56 ms
                    </td>
                </tr>
                            </table>
        </div>
        
    </body>
</html>

